<?xml version="1.0" encoding="UTF-8"?>
<!-- Generated by org.testng.reporters.JUnitReportReporter -->
<testsuite skipped="0" hostname="DESKTOP-2TK0G8F" name="testcases.appSignIn" tests="2" failures="0" timestamp="2020-09-09T22:35:35 IST" time="71.865" errors="0">
  <testcase name="openApp" time="40.194" classname="testcases.appSignIn"/>
  <system-out/>
  <testcase name="signIn" time="31.671" classname="testcases.appSignIn"/>
  <system-out/>
</testsuite> <!-- testcases.appSignIn -->
