<?xml version="1.0" encoding="UTF-8"?>
<!-- Generated by org.testng.reporters.JUnitReportReporter -->
<testsuite skipped="0" hostname="DESKTOP-2TK0G8F" name="testcases.webPlayVideo" tests="1" failures="0" timestamp="2020-09-09T22:35:35 IST" time="74.367" errors="0">
  <testcase name="playVideo" time="74.367" classname="testcases.webPlayVideo"/>
  <system-out/>
</testsuite> <!-- testcases.webPlayVideo -->
