<?xml version="1.0" encoding="UTF-8"?>
<!-- Generated by org.testng.reporters.JUnitReportReporter -->
<testsuite skipped="0" hostname="DESKTOP-2TK0G8F" name="testcases.appSelectCourse" tests="1" failures="0" timestamp="2020-09-09T22:35:35 IST" time="73.236" errors="0">
  <testcase name="courseSel" time="73.236" classname="testcases.appSelectCourse"/>
  <system-out/>
</testsuite> <!-- testcases.appSelectCourse -->
